This is e-upTeX, Version 3.14159265-p3.7.1-u1.22-161114-2.6 (utf8.uptex) (TeX Live 2017/Arch Linux) (preloaded format=uplatex 2018.3.5)  30 APR 2018 17:01
entering extended mode
 restricted \write18 enabled.
 file:line:error style messages enabled.
 %&-line parsing enabled.
**/home/naoki/Nextcloud/機械研究会/マイコン講習/manual.tex
(/home/naoki/Nextcloud/機械研究会/マイコン講習/manual.tex
pLaTeX2e <2017/10/28u01>+4 (based on LaTeX2e <2017-04-15>)
Babel <3.18> and hyphenation patterns for 84 language(s) loaded.
(/usr/share/texmf-dist/tex/platex/jsclasses/jsarticle.cls
Document Class: jsarticle 2017/10/04 jsclasses (okumura, texjporg)
\jsc@mpt=\dimen118
\jsc@mmm=\dimen119
\jsc@smallskipamount=\skip41
LaTeX Info: Redefining \rmfamily on input line 471.
LaTeX Info: Redefining \sffamily on input line 474.
LaTeX Info: Redefining \ttfamily on input line 477.
LaTeX Info: Redefining \textmc on input line 481.
LaTeX Info: Redefining \textgt on input line 483.
\symmincho=\mathgroup4
LaTeX Font Info:    Overwriting symbol font `mincho' in version `bold'
(Font)                  JY2/mc/m/n --> JY2/gt/m/n on input line 545.
LaTeX Font Info:    Font shape `JT2/mc/m/n' will be
(Font)              scaled to size 9.24683pt on input line 736.
LaTeX Font Info:    Font shape `JY2/mc/m/n' will be
(Font)              scaled to size 9.24683pt on input line 736.
\fullwidth=\dimen120
LaTeX Font Info:    Font shape `JT2/mc/m/n' will be
(Font)              scaled to size 7.39746pt on input line 889.
LaTeX Font Info:    Font shape `JY2/mc/m/n' will be
(Font)              scaled to size 7.39746pt on input line 889.
\c@part=\count82
\c@section=\count83
\c@subsection=\count84
\c@subsubsection=\count85
\c@paragraph=\count86
\c@subparagraph=\count87
\@abstractbox=\box42
\c@figure=\count88
\c@table=\count89
\abovecaptionskip=\skip42
\belowcaptionskip=\skip43
\jsc@tocl@width=\dimen121
\@lnumwidth=\dimen122
\bibindent=\dimen123
(/usr/share/texmf-dist/tex/platex/jsclasses/jslogo.sty
Package: jslogo 2017/02/24 okumura, texjporg
LaTeX Info: Redefining \TeX on input line 94.
LaTeX Info: Redefining \LaTeX on input line 147.
LaTeX Info: Redefining \LaTeXe on input line 200.
)
\heisei=\count90
)
(/usr/share/texmf-dist/tex/latex/graphics/graphicx.sty
Package: graphicx 2017/06/01 v1.1a Enhanced LaTeX Graphics (DPC,SPQR)

(/usr/share/texmf-dist/tex/latex/graphics/keyval.sty
Package: keyval 2014/10/28 v1.15 key=value parser (DPC)
\KV@toks@=\toks15
)
(/usr/share/texmf-dist/tex/latex/graphics/graphics.sty
Package: graphics 2017/06/25 v1.2c Standard LaTeX Graphics (DPC,SPQR)

(/usr/share/texmf-dist/tex/latex/graphics/trig.sty
Package: trig 2016/01/03 v1.10 sin cos tan (DPC)
)
(/usr/share/texmf-dist/tex/latex/graphics-cfg/graphics.cfg
File: graphics.cfg 2016/06/04 v1.11 sample graphics configuration
)
Package graphics Info: Driver file: dvipdfmx.def on input line 99.

(/usr/share/texmf-dist/tex/latex/graphics-def/dvipdfmx.def
File: dvipdfmx.def 2017/06/24 v5.0g Graphics/color driver for dvipdfmx
))
\Gin@req@height=\dimen124
\Gin@req@width=\dimen125
)
(/usr/share/texmf-dist/tex/latex/listings/listings.sty
\lst@mode=\count91
\lst@gtempboxa=\box43
\lst@token=\toks16
\lst@length=\count92
\lst@currlwidth=\dimen126
\lst@column=\count93
\lst@pos=\count94
\lst@lostspace=\dimen127
\lst@width=\dimen128
\lst@newlines=\count95
\lst@lineno=\count96
\lst@maxwidth=\dimen129

(/usr/share/texmf-dist/tex/latex/listings/lstmisc.sty
File: lstmisc.sty 2015/06/04 1.6 (Carsten Heinz)
\c@lstnumber=\count97
\lst@skipnumbers=\count98
\lst@framebox=\box44
)
(/usr/share/texmf-dist/tex/latex/listings/listings.cfg
File: listings.cfg 2015/06/04 1.6 listings configuration
))
Package: listings 2015/06/04 1.6 (Carsten Heinz)

(/usr/share/texmf-dist/tex/latex/url/url.sty
\Urlmuskip=\muskip10
Package: url 2013/09/16  ver 3.4  Verb mode for urls, etc.
) (./manual.aux)
\openout1 = `manual.aux'.

LaTeX Font Info:    Checking defaults for OML/cmm/m/it on input line 9.
LaTeX Font Info:    ... okay on input line 9.
LaTeX Font Info:    Checking defaults for T1/cmr/m/n on input line 9.
LaTeX Font Info:    ... okay on input line 9.
LaTeX Font Info:    Checking defaults for OT1/cmr/m/n on input line 9.
LaTeX Font Info:    ... okay on input line 9.
LaTeX Font Info:    Checking defaults for OMS/cmsy/m/n on input line 9.
LaTeX Font Info:    ... okay on input line 9.
LaTeX Font Info:    Checking defaults for OMX/cmex/m/n on input line 9.
LaTeX Font Info:    ... okay on input line 9.
LaTeX Font Info:    Checking defaults for U/cmr/m/n on input line 9.
LaTeX Font Info:    ... okay on input line 9.
LaTeX Font Info:    Checking defaults for JY2/mc/m/n on input line 9.
LaTeX Font Info:    ... okay on input line 9.
LaTeX Font Info:    Checking defaults for JT2/mc/m/n on input line 9.
LaTeX Font Info:    ... okay on input line 9.
\c@lstlisting=\count99
LaTeX Font Info:    Font shape `JT2/mc/m/n' will be
(Font)              scaled to size 15.9785pt on input line 10.
LaTeX Font Info:    Font shape `JY2/mc/m/n' will be
(Font)              scaled to size 15.9785pt on input line 10.
LaTeX Font Info:    Font shape `JT2/mc/m/n' will be
(Font)              scaled to size 11.09619pt on input line 10.
LaTeX Font Info:    Font shape `JY2/mc/m/n' will be
(Font)              scaled to size 11.09619pt on input line 10.
LaTeX Font Info:    External font `cmex10' loaded for size
(Font)              <12> on input line 10.
LaTeX Font Info:    External font `cmex10' loaded for size
(Font)              <8> on input line 10.
LaTeX Font Info:    External font `cmex10' loaded for size
(Font)              <6> on input line 10.
LaTeX Font Info:    Font shape `JY2/mc/m/n' will be
(Font)              scaled to size 5.5481pt on input line 10.
LaTeX Font Info:    Font shape `JT2/mc/m/n' will be
(Font)              scaled to size 13.31541pt on input line 11.
LaTeX Font Info:    Font shape `JY2/mc/m/n' will be
(Font)              scaled to size 13.31541pt on input line 11.
LaTeX Font Info:    Font shape `JT2/gt/m/n' will be
(Font)              scaled to size 13.31541pt on input line 11.
LaTeX Font Info:    Font shape `JY2/gt/m/n' will be
(Font)              scaled to size 13.31541pt on input line 11.
LaTeX Font Info:    Font shape `JT2/gt/m/n' will be
(Font)              scaled to size 11.09619pt on input line 32.
LaTeX Font Info:    Font shape `JY2/gt/m/n' will be
(Font)              scaled to size 11.09619pt on input line 32.
File: circuit.jpg Graphic file (type bmp)
<circuit.jpg>
LaTeX Font Info:    Font shape `JT2/mc/m/n' will be
(Font)              scaled to size 8.32214pt on input line 37.
LaTeX Font Info:    Font shape `JY2/mc/m/n' will be
(Font)              scaled to size 8.32214pt on input line 37.
File: wiring.png Graphic file (type bmp)
<wiring.png>
 [1

] [2]
LaTeX Font Info:    Try loading font information for OMS+cmr on input line 49.

(/usr/share/texmf-dist/tex/latex/base/omscmr.fd
File: omscmr.fd 2014/09/29 v2.5h Standard LaTeX font definitions
)
LaTeX Font Info:    Font shape `OMS/cmr/m/n' in size <10> not available
(Font)              Font shape `OMS/cmsy/m/n' tried instead on input line 49.
File: nano.jpg Graphic file (type bmp)
<nano.jpg>
 [3]
File: driver_1.png Graphic file (type bmp)
<driver_1.png>
File: driver_2.png Graphic file (type bmp)
<driver_2.png>
File: driver_3.png Graphic file (type bmp)
<driver_3.png>
File: driver_4.png Graphic file (type bmp)
<driver_4.png>
File: driver_5.png Graphic file (type bmp)
<driver_5.png>
 [4] [5] [6]
File: found_arduino.png Graphic file (type bmp)
<found_arduino.png>
File: download_1.png Graphic file (type bmp)
<download_1.png>
File: download_2.png Graphic file (type bmp)
<download_2.png>
File: arduino_1.png Graphic file (type bmp)
<arduino_1.png>
File: arduino_2.png Graphic file (type bmp)
<arduino_2.png>
File: arduino_3.png Graphic file (type bmp)
<arduino_3.png>
File: arduino_4.png Graphic file (type bmp)
<arduino_4.png>
File: arduino_5.png Graphic file (type bmp)
<arduino_5.png>
 [7

] [8]
[9] [10] [11]
File: ide.png Graphic file (type bmp)
<ide.png>
File: ide_button.png Graphic file (type bmp)
<ide_button.png>
 [12

]
File: serial_config.png Graphic file (type bmp)
<serial_config.png>
File: board_config.png Graphic file (type bmp)
<board_config.png>
LaTeX Font Info:    Font shape `JT2/gt/m/n' will be
(Font)              scaled to size 9.24683pt on input line 237.
LaTeX Font Info:    Font shape `JY2/gt/m/n' will be
(Font)              scaled to size 9.24683pt on input line 237.
LaTeX Font Info:    External font `cmex10' loaded for size
(Font)              <7> on input line 237.
LaTeX Font Info:    External font `cmex10' loaded for size
(Font)              <5> on input line 237.
LaTeX Font Info:    Font shape `JY2/mc/m/n' will be
(Font)              scaled to size 6.47278pt on input line 237.
LaTeX Font Info:    Font shape `JY2/mc/m/n' will be
(Font)              scaled to size 4.62341pt on input line 237.
 [13] [14]
File: l_chika_1.png Graphic file (type bmp)
<l_chika_1.png>
File: l_chika_2.png Graphic file (type bmp)
<l_chika_2.png>
 [15

]
LaTeX Font Info:    Font shape `JT2/gt/m/n' will be
(Font)              scaled to size 7.39746pt on input line 274.
LaTeX Font Info:    Font shape `JY2/gt/m/n' will be
(Font)              scaled to size 7.39746pt on input line 274.
 [16]
LaTeX Font Info:    Try loading font information for OMS+cmss on input line 325
.
LaTeX Font Info:    No file OMScmss.fd. on input line 325.


LaTeX Font Warning: Font shape `OMS/cmss/m/n' undefined
(Font)              using `OMS/cmsy/m/n' instead
(Font)              for symbol `textbraceleft' on input line 325.

[17] [18] [19]
File: switch_1.png Graphic file (type bmp)
<switch_1.png>
File: switch_2.png Graphic file (type bmp)
<switch_2.png>
File: switch_5.png Graphic file (type bmp)
<switch_5.png>
File: switch_3.png Graphic file (type bmp)
<switch_3.png>
File: switch_4.png Graphic file (type bmp)
<switch_4.png>
 [20

] [21] [22] [23] [24]
File: servo_pwm.png Graphic file (type bmp)
<servo_pwm.png>
File: pwm_2.png Graphic file (type bmp)
<pwm_2.png>
 [25

] [26] [27]
File: pwm.jpg Graphic file (type bmp)
<pwm.jpg>
File: datasheet_1.jpg Graphic file (type bmp)
<datasheet_1.jpg>
File: datasheet_2.jpg Graphic file (type bmp)
<datasheet_2.jpg>
 [28

] [29] [30]
File: serial_1.png Graphic file (type bmp)
<serial_1.png>
File: serial_3.png Graphic file (type bmp)
<serial_3.png>
 [31

]
File: serial_2.png Graphic file (type bmp)
<serial_2.png>

[32] [33] [34

] (./manual.aux)

LaTeX Font Warning: Some font shapes were not available, defaults substituted.

 ) 
Here is how much of TeX's memory you used:
 2282 strings out of 493636
 31692 string characters out of 6153651
 106724 words of memory out of 5000000
 5834 multiletter control sequences out of 15000+600000
 14121 words of font info for 71 fonts, out of 8000000 for 9000
 934 hyphenation exceptions out of 8191
 26i,7n,32p,288b,1590s stack positions out of 5000i,500n,10000p,200000b,80000s

Output written on manual.dvi (34 pages, 73152 bytes).
